<?xml version="1.0" encoding="UTF-8"?>
<beans xmlns="http://www.springframework.org/schema/beans" xmlns:xsi="http://www.w3.org/2001/XMLSchema-instance"
       xmlns:p="http://www.springframework.org/schema/p"
       xmlns:c="http://www.springframework.org/schema/c"
       xmlns:tx="http://www.springframework.org/schema/tx"
       xmlns:jdbc="http://www.springframework.org/schema/jdbc"
       xsi:schemaLocation="http://www.springframework.org/schema/beans http://www.springframework.org/schema/beans/spring-beans-4.0.xsd
       http://www.springframework.org/schema/tx http://www.springframework.org/schema/tx/spring-tx-4.0.xsd
       http://www.springframework.org/schema/jdbc http://www.springframework.org/schema/jdbc/spring-jdbc-4.0.xsd">

    <bean id="redisServer" class="redis.embedded.RedisServer" init-method="start" destroy-method="stop" />

    <bean id="jedisConnFactory"
          class="org.springframework.data.redis.connection.jedis.JedisConnectionFactory"
          p:port="6379"
          p:hostName="localhost"
          p:usePool="true" depends-on="redisServer"/>

    <!-- redis template definition -->
    <bean id="redisTemplate"
          class="org.springframework.data.redis.core.RedisTemplate"
          p:connectionFactory-ref="jedisConnFactory"/>
</beans>
